{"C:\\Users\\sandw\\Alkira OA\\Alkira-Excercise\\src\\components\\AuthContext.jsx": {"path":"C:\\Users\\sandw\\Alkira OA\\Alkira-Excercise\\src\\components\\AuthContext.jsx","statementMap":{"0":{"start":{"line":5,"column":20},"end":{"line":5,"column":34}},"1":{"start":{"line":8,"column":26},"end":{"line":11,"column":null}},"2":{"start":{"line":9,"column":19},"end":{"line":9,"column":null}},"3":{"start":{"line":10,"column":4},"end":{"line":10,"column":null}},"4":{"start":{"line":12,"column":40},"end":{"line":12,"column":null}},"5":{"start":{"line":13,"column":24},"end":{"line":13,"column":null}},"6":{"start":{"line":14,"column":36},"end":{"line":19,"column":null}},"7":{"start":{"line":15,"column":32},"end":{"line":17,"column":null}},"8":{"start":{"line":18,"column":4},"end":{"line":18,"column":null}},"9":{"start":{"line":21,"column":2},"end":{"line":21,"column":null}},"10":{"start":{"line":22,"column":2},"end":{"line":22,"column":null}},"11":{"start":{"line":23,"column":2},"end":{"line":23,"column":null}},"12":{"start":{"line":26,"column":8},"end":{"line":41,"column":null}},"13":{"start":{"line":27,"column":21},"end":{"line":27,"column":null}},"14":{"start":{"line":27,"column":43},"end":{"line":27,"column":66}},"15":{"start":{"line":29,"column":4},"end":{"line":31,"column":null}},"16":{"start":{"line":30,"column":6},"end":{"line":30,"column":null}},"17":{"start":{"line":33,"column":4},"end":{"line":35,"column":null}},"18":{"start":{"line":34,"column":6},"end":{"line":34,"column":null}},"19":{"start":{"line":37,"column":42},"end":{"line":37,"column":null}},"20":{"start":{"line":39,"column":4},"end":{"line":39,"column":null}},"21":{"start":{"line":40,"column":4},"end":{"line":40,"column":null}},"22":{"start":{"line":43,"column":25},"end":{"line":51,"column":null}},"23":{"start":{"line":44,"column":4},"end":{"line":46,"column":null}},"24":{"start":{"line":45,"column":6},"end":{"line":45,"column":null}},"25":{"start":{"line":48,"column":32},"end":{"line":48,"column":null}},"26":{"start":{"line":49,"column":4},"end":{"line":49,"column":null}},"27":{"start":{"line":50,"column":4},"end":{"line":50,"column":null}},"28":{"start":{"line":53,"column":8},"end":{"line":68,"column":null}},"29":{"start":{"line":54,"column":4},"end":{"line":56,"column":null}},"30":{"start":{"line":55,"column":6},"end":{"line":55,"column":null}},"31":{"start":{"line":58,"column":19},"end":{"line":58,"column":null}},"32":{"start":{"line":59,"column":4},"end":{"line":61,"column":null}},"33":{"start":{"line":60,"column":6},"end":{"line":60,"column":null}},"34":{"start":{"line":63,"column":4},"end":{"line":63,"column":null}},"35":{"start":{"line":64,"column":4},"end":{"line":64,"column":null}},"36":{"start":{"line":65,"column":4},"end":{"line":65,"column":null}},"37":{"start":{"line":66,"column":4},"end":{"line":66,"column":null}},"38":{"start":{"line":67,"column":4},"end":{"line":67,"column":null}},"39":{"start":{"line":70,"column":8},"end":{"line":73,"column":null}},"40":{"start":{"line":71,"column":4},"end":{"line":71,"column":null}},"41":{"start":{"line":72,"column":4},"end":{"line":72,"column":null}},"42":{"start":{"line":75,"column":8},"end":{"line":91,"column":null}},"43":{"start":{"line":76,"column":21},"end":{"line":76,"column":null}},"44":{"start":{"line":76,"column":43},"end":{"line":76,"column":66}},"45":{"start":{"line":78,"column":4},"end":{"line":80,"column":null}},"46":{"start":{"line":79,"column":6},"end":{"line":79,"column":null}},"47":{"start":{"line":82,"column":20},"end":{"line":82,"column":null}},"48":{"start":{"line":83,"column":24},"end":{"line":83,"column":null}},"49":{"start":{"line":84,"column":4},"end":{"line":84,"column":null}},"50":{"start":{"line":86,"column":30},"end":{"line":88,"column":null}},"51":{"start":{"line":87,"column":13},"end":{"line":87,"column":null}},"52":{"start":{"line":87,"column":43},"end":{"line":87,"column":69}},"53":{"start":{"line":89,"column":4},"end":{"line":89,"column":null}},"54":{"start":{"line":90,"column":4},"end":{"line":90,"column":null}},"55":{"start":{"line":93,"column":8},"end":{"line":96,"column":null}},"56":{"start":{"line":94,"column":4},"end":{"line":94,"column":null}},"57":{"start":{"line":95,"column":4},"end":{"line":95,"column":null}},"58":{"start":{"line":98,"column":2},"end":{"line":113,"column":null}},"59":{"start":{"line":118,"column":2},"end":{"line":118,"column":null}}},"fnMap":{"0":{"name":"AuthProvider","decl":{"start":{"line":7,"column":16},"end":{"line":7,"column":29}},"loc":{"start":{"line":7,"column":43},"end":{"line":115,"column":null}},"line":7},"1":{"name":"(anonymous_1)","decl":{"start":{"line":8,"column":26},"end":{"line":8,"column":41}},"loc":{"start":{"line":8,"column":41},"end":{"line":11,"column":3}},"line":8},"2":{"name":"(anonymous_2)","decl":{"start":{"line":14,"column":36},"end":{"line":14,"column":51}},"loc":{"start":{"line":14,"column":51},"end":{"line":19,"column":3}},"line":14},"3":{"name":"(anonymous_3)","decl":{"start":{"line":26,"column":8},"end":{"line":26,"column":17}},"loc":{"start":{"line":26,"column":40},"end":{"line":41,"column":null}},"line":26},"4":{"name":"(anonymous_4)","decl":{"start":{"line":27,"column":31},"end":{"line":27,"column":37}},"loc":{"start":{"line":27,"column":43},"end":{"line":27,"column":66}},"line":27},"5":{"name":"(anonymous_5)","decl":{"start":{"line":43,"column":25},"end":{"line":43,"column":37}},"loc":{"start":{"line":43,"column":37},"end":{"line":51,"column":null}},"line":43},"6":{"name":"(anonymous_6)","decl":{"start":{"line":53,"column":8},"end":{"line":53,"column":25}},"loc":{"start":{"line":53,"column":39},"end":{"line":68,"column":null}},"line":53},"7":{"name":"(anonymous_7)","decl":{"start":{"line":70,"column":8},"end":{"line":70,"column":26}},"loc":{"start":{"line":70,"column":26},"end":{"line":73,"column":null}},"line":70},"8":{"name":"(anonymous_8)","decl":{"start":{"line":75,"column":8},"end":{"line":75,"column":18}},"loc":{"start":{"line":75,"column":47},"end":{"line":91,"column":null}},"line":75},"9":{"name":"(anonymous_9)","decl":{"start":{"line":76,"column":31},"end":{"line":76,"column":37}},"loc":{"start":{"line":76,"column":43},"end":{"line":76,"column":66}},"line":76},"10":{"name":"(anonymous_10)","decl":{"start":{"line":86,"column":42},"end":{"line":86,"column":null}},"loc":{"start":{"line":87,"column":13},"end":{"line":87,"column":null}},"line":87},"11":{"name":"(anonymous_11)","decl":{"start":{"line":87,"column":30},"end":{"line":87,"column":36}},"loc":{"start":{"line":87,"column":43},"end":{"line":87,"column":69}},"line":87},"12":{"name":"(anonymous_12)","decl":{"start":{"line":93,"column":8},"end":{"line":93,"column":23}},"loc":{"start":{"line":93,"column":23},"end":{"line":96,"column":null}},"line":93},"13":{"name":"useAuth","decl":{"start":{"line":117,"column":16},"end":{"line":117,"column":26}},"loc":{"start":{"line":117,"column":26},"end":{"line":119,"column":null}},"line":117}},"branchMap":{"0":{"loc":{"start":{"line":10,"column":11},"end":{"line":10,"column":null}},"type":"cond-expr","locations":[{"start":{"line":10,"column":20},"end":{"line":10,"column":41}},{"start":{"line":10,"column":41},"end":{"line":10,"column":null}}],"line":10},"1":{"loc":{"start":{"line":16,"column":6},"end":{"line":16,"column":null}},"type":"binary-expr","locations":[{"start":{"line":16,"column":6},"end":{"line":16,"column":47}},{"start":{"line":16,"column":47},"end":{"line":16,"column":null}}],"line":16},"2":{"loc":{"start":{"line":29,"column":4},"end":{"line":31,"column":null}},"type":"if","locations":[{"start":{"line":29,"column":4},"end":{"line":31,"column":null}},{"start":{},"end":{}}],"line":29},"3":{"loc":{"start":{"line":33,"column":4},"end":{"line":35,"column":null}},"type":"if","locations":[{"start":{"line":33,"column":4},"end":{"line":35,"column":null}},{"start":{},"end":{}}],"line":33},"4":{"loc":{"start":{"line":44,"column":4},"end":{"line":46,"column":null}},"type":"if","locations":[{"start":{"line":44,"column":4},"end":{"line":46,"column":null}},{"start":{},"end":{}}],"line":44},"5":{"loc":{"start":{"line":54,"column":4},"end":{"line":56,"column":null}},"type":"if","locations":[{"start":{"line":54,"column":4},"end":{"line":56,"column":null}},{"start":{},"end":{}}],"line":54},"6":{"loc":{"start":{"line":54,"column":8},"end":{"line":54,"column":30}},"type":"binary-expr","locations":[{"start":{"line":54,"column":8},"end":{"line":54,"column":16}},{"start":{"line":54,"column":16},"end":{"line":54,"column":30}}],"line":54},"7":{"loc":{"start":{"line":59,"column":4},"end":{"line":61,"column":null}},"type":"if","locations":[{"start":{"line":59,"column":4},"end":{"line":61,"column":null}},{"start":{},"end":{}}],"line":59},"8":{"loc":{"start":{"line":78,"column":4},"end":{"line":80,"column":null}},"type":"if","locations":[{"start":{"line":78,"column":4},"end":{"line":80,"column":null}},{"start":{},"end":{}}],"line":78}},"s":{"0":6,"1":69,"2":45,"3":45,"4":69,"5":69,"6":69,"7":45,"8":45,"9":69,"10":69,"11":69,"12":69,"13":14,"14":21,"15":14,"16":2,"17":12,"18":2,"19":10,"20":10,"21":10,"22":69,"23":7,"24":1,"25":6,"26":6,"27":6,"28":69,"29":5,"30":1,"31":4,"32":4,"33":1,"34":3,"35":3,"36":3,"37":3,"38":3,"39":69,"40":1,"41":1,"42":69,"43":5,"44":11,"45":5,"46":2,"47":3,"48":3,"49":3,"50":3,"51":12,"52":27,"53":3,"54":3,"55":69,"56":1,"57":1,"58":69,"59":58},"f":{"0":69,"1":45,"2":45,"3":14,"4":21,"5":7,"6":5,"7":1,"8":5,"9":11,"10":12,"11":27,"12":1,"13":58},"b":{"0":[1,44],"1":[45,44],"2":[2,12],"3":[2,10],"4":[1,6],"5":[1,4],"6":[5,4],"7":[1,3],"8":[2,3]},"meta":{"lastBranch":9,"lastFunction":14,"lastStatement":60,"seen":{"s:5:20:5:34":0,"f:7:16:7:29":0,"s:8:26:11:Infinity":1,"f:8:26:8:41":1,"s:9:19:9:Infinity":2,"s:10:4:10:Infinity":3,"b:10:20:10:41:10:41:10:Infinity":0,"s:12:40:12:Infinity":4,"s:13:24:13:Infinity":5,"s:14:36:19:Infinity":6,"f:14:36:14:51":2,"s:15:32:17:Infinity":7,"b:16:6:16:47:16:47:16:Infinity":1,"s:18:4:18:Infinity":8,"s:21:2:21:Infinity":9,"s:22:2:22:Infinity":10,"s:23:2:23:Infinity":11,"s:26:8:41:Infinity":12,"f:26:8:26:17":3,"s:27:21:27:Infinity":13,"f:27:31:27:37":4,"s:27:43:27:66":14,"b:29:4:31:Infinity:undefined:undefined:undefined:undefined":2,"s:29:4:31:Infinity":15,"s:30:6:30:Infinity":16,"b:33:4:35:Infinity:undefined:undefined:undefined:undefined":3,"s:33:4:35:Infinity":17,"s:34:6:34:Infinity":18,"s:37:42:37:Infinity":19,"s:39:4:39:Infinity":20,"s:40:4:40:Infinity":21,"s:43:25:51:Infinity":22,"f:43:25:43:37":5,"b:44:4:46:Infinity:undefined:undefined:undefined:undefined":4,"s:44:4:46:Infinity":23,"s:45:6:45:Infinity":24,"s:48:32:48:Infinity":25,"s:49:4:49:Infinity":26,"s:50:4:50:Infinity":27,"s:53:8:68:Infinity":28,"f:53:8:53:25":6,"b:54:4:56:Infinity:undefined:undefined:undefined:undefined":5,"s:54:4:56:Infinity":29,"b:54:8:54:16:54:16:54:30":6,"s:55:6:55:Infinity":30,"s:58:19:58:Infinity":31,"b:59:4:61:Infinity:undefined:undefined:undefined:undefined":7,"s:59:4:61:Infinity":32,"s:60:6:60:Infinity":33,"s:63:4:63:Infinity":34,"s:64:4:64:Infinity":35,"s:65:4:65:Infinity":36,"s:66:4:66:Infinity":37,"s:67:4:67:Infinity":38,"s:70:8:73:Infinity":39,"f:70:8:70:26":7,"s:71:4:71:Infinity":40,"s:72:4:72:Infinity":41,"s:75:8:91:Infinity":42,"f:75:8:75:18":8,"s:76:21:76:Infinity":43,"f:76:31:76:37":9,"s:76:43:76:66":44,"b:78:4:80:Infinity:undefined:undefined:undefined:undefined":8,"s:78:4:80:Infinity":45,"s:79:6:79:Infinity":46,"s:82:20:82:Infinity":47,"s:83:24:83:Infinity":48,"s:84:4:84:Infinity":49,"s:86:30:88:Infinity":50,"f:86:42:86:Infinity":10,"s:87:13:87:Infinity":51,"f:87:30:87:36":11,"s:87:43:87:69":52,"s:89:4:89:Infinity":53,"s:90:4:90:Infinity":54,"s:93:8:96:Infinity":55,"f:93:8:93:23":12,"s:94:4:94:Infinity":56,"s:95:4:95:Infinity":57,"s:98:2:113:Infinity":58,"f:117:16:117:26":13,"s:118:2:118:Infinity":59},"fnNames":{}}}
,"C:\\Users\\sandw\\Alkira OA\\Alkira-Excercise\\src\\components\\ProtectedRoute.jsx": {"path":"C:\\Users\\sandw\\Alkira OA\\Alkira-Excercise\\src\\components\\ProtectedRoute.jsx","statementMap":{"0":{"start":{"line":5,"column":19},"end":{"line":5,"column":27}},"1":{"start":{"line":7,"column":2},"end":{"line":9,"column":null}},"2":{"start":{"line":8,"column":4},"end":{"line":8,"column":null}},"3":{"start":{"line":11,"column":2},"end":{"line":11,"column":null}}},"fnMap":{"0":{"name":"ProtectedRoute","decl":{"start":{"line":4,"column":9},"end":{"line":4,"column":24}},"loc":{"start":{"line":4,"column":38},"end":{"line":12,"column":null}},"line":4}},"branchMap":{"0":{"loc":{"start":{"line":7,"column":2},"end":{"line":9,"column":null}},"type":"if","locations":[{"start":{"line":7,"column":2},"end":{"line":9,"column":null}},{"start":{},"end":{}}],"line":7}},"s":{"0":2,"1":2,"2":1,"3":1},"f":{"0":2},"b":{"0":[1,1]},"meta":{"lastBranch":1,"lastFunction":1,"lastStatement":4,"seen":{"f:4:9:4:24":0,"s:5:19:5:27":0,"b:7:2:9:Infinity:undefined:undefined:undefined:undefined":0,"s:7:2:9:Infinity":1,"s:8:4:8:Infinity":2,"s:11:2:11:Infinity":3},"fnNames":{}}}
,"C:\\Users\\sandw\\Alkira OA\\Alkira-Excercise\\src\\data\\networkConnections.jsx": {"path":"C:\\Users\\sandw\\Alkira OA\\Alkira-Excercise\\src\\data\\networkConnections.jsx","statementMap":{"0":{"start":{"line":1,"column":32},"end":{"line":5,"column":null}},"1":{"start":{"line":6,"column":35},"end":{"line":6,"column":null}},"2":{"start":{"line":8,"column":35},"end":{"line":12,"column":null}},"3":{"start":{"line":13,"column":38},"end":{"line":13,"column":null}},"4":{"start":{"line":15,"column":23},"end":{"line":20,"column":null}},"5":{"start":{"line":21,"column":27},"end":{"line":21,"column":null}},"6":{"start":{"line":23,"column":31},"end":{"line":72,"column":null}}},"fnMap":{},"branchMap":{},"s":{"0":1,"1":1,"2":1,"3":1,"4":1,"5":1,"6":1},"f":{},"b":{},"meta":{"lastBranch":0,"lastFunction":0,"lastStatement":7,"seen":{"s:1:32:5:Infinity":0,"s:6:35:6:Infinity":1,"s:8:35:12:Infinity":2,"s:13:38:13:Infinity":3,"s:15:23:20:Infinity":4,"s:21:27:21:Infinity":5,"s:23:31:72:Infinity":6},"fnNames":{}}}
,"C:\\Users\\sandw\\Alkira OA\\Alkira-Excercise\\src\\data\\users.jsx": {"path":"C:\\Users\\sandw\\Alkira OA\\Alkira-Excercise\\src\\data\\users.jsx","statementMap":{"0":{"start":{"line":1,"column":21},"end":{"line":4,"column":null}},"1":{"start":{"line":6,"column":25},"end":{"line":6,"column":null}},"2":{"start":{"line":8,"column":14},"end":{"line":24,"column":null}}},"fnMap":{},"branchMap":{},"s":{"0":6,"1":6,"2":6},"f":{},"b":{},"meta":{"lastBranch":0,"lastFunction":0,"lastStatement":3,"seen":{"s:1:21:4:Infinity":0,"s:6:25:6:Infinity":1,"s:8:14:24:Infinity":2},"fnNames":{}}}
,"C:\\Users\\sandw\\Alkira OA\\Alkira-Excercise\\src\\pages\\LoginPage.jsx": {"path":"C:\\Users\\sandw\\Alkira OA\\Alkira-Excercise\\src\\pages\\LoginPage.jsx","statementMap":{"0":{"start":{"line":6,"column":19},"end":{"line":6,"column":31}},"1":{"start":{"line":7,"column":20},"end":{"line":7,"column":28}},"2":{"start":{"line":8,"column":28},"end":{"line":8,"column":null}},"3":{"start":{"line":10,"column":8},"end":{"line":24,"column":null}},"4":{"start":{"line":11,"column":4},"end":{"line":14,"column":null}},"5":{"start":{"line":12,"column":6},"end":{"line":12,"column":null}},"6":{"start":{"line":13,"column":6},"end":{"line":13,"column":null}},"7":{"start":{"line":16,"column":19},"end":{"line":16,"column":null}},"8":{"start":{"line":17,"column":4},"end":{"line":20,"column":null}},"9":{"start":{"line":18,"column":6},"end":{"line":18,"column":null}},"10":{"start":{"line":19,"column":6},"end":{"line":19,"column":null}},"11":{"start":{"line":22,"column":4},"end":{"line":22,"column":null}},"12":{"start":{"line":23,"column":4},"end":{"line":23,"column":null}},"13":{"start":{"line":26,"column":2},"end":{"line":55,"column":null}},"14":{"start":{"line":32,"column":12},"end":{"line":32,"column":null}},"15":{"start":{"line":33,"column":29},"end":{"line":33,"column":null}},"16":{"start":{"line":34,"column":12},"end":{"line":34,"column":null}},"17":{"start":{"line":49,"column":66},"end":{"line":49,"column":87}}},"fnMap":{"0":{"name":"LoginPage","decl":{"start":{"line":5,"column":9},"end":{"line":5,"column":21}},"loc":{"start":{"line":5,"column":21},"end":{"line":57,"column":null}},"line":5},"1":{"name":"(anonymous_1)","decl":{"start":{"line":10,"column":8},"end":{"line":10,"column":23}},"loc":{"start":{"line":10,"column":46},"end":{"line":24,"column":null}},"line":10},"2":{"name":"(anonymous_2)","decl":{"start":{"line":31,"column":10},"end":{"line":31,"column":21}},"loc":{"start":{"line":31,"column":27},"end":{"line":35,"column":null}},"line":31},"3":{"name":"(anonymous_3)","decl":{"start":{"line":49,"column":51},"end":{"line":49,"column":66}},"loc":{"start":{"line":49,"column":66},"end":{"line":49,"column":87}},"line":49}},"branchMap":{"0":{"loc":{"start":{"line":11,"column":4},"end":{"line":14,"column":null}},"type":"if","locations":[{"start":{"line":11,"column":4},"end":{"line":14,"column":null}},{"start":{},"end":{}}],"line":11},"1":{"loc":{"start":{"line":11,"column":8},"end":{"line":11,"column":32}},"type":"binary-expr","locations":[{"start":{"line":11,"column":8},"end":{"line":11,"column":21}},{"start":{"line":11,"column":21},"end":{"line":11,"column":32}}],"line":11},"2":{"loc":{"start":{"line":17,"column":4},"end":{"line":20,"column":null}},"type":"if","locations":[{"start":{"line":17,"column":4},"end":{"line":20,"column":null}},{"start":{},"end":{}}],"line":17},"3":{"loc":{"start":{"line":46,"column":11},"end":{"line":46,"column":null}},"type":"binary-expr","locations":[{"start":{"line":46,"column":11},"end":{"line":46,"column":20}},{"start":{"line":46,"column":20},"end":{"line":46,"column":null}}],"line":46}},"s":{"0":13,"1":13,"2":13,"3":13,"4":5,"5":1,"6":1,"7":4,"8":4,"9":2,"10":2,"11":2,"12":2,"13":13,"14":5,"15":5,"16":5,"17":1},"f":{"0":13,"1":5,"2":5,"3":1},"b":{"0":[1,4],"1":[5,4],"2":[2,2],"3":[13,3]},"meta":{"lastBranch":4,"lastFunction":4,"lastStatement":18,"seen":{"f:5:9:5:21":0,"s:6:19:6:31":0,"s:7:20:7:28":1,"s:8:28:8:Infinity":2,"s:10:8:24:Infinity":3,"f:10:8:10:23":1,"b:11:4:14:Infinity:undefined:undefined:undefined:undefined":0,"s:11:4:14:Infinity":4,"b:11:8:11:21:11:21:11:32":1,"s:12:6:12:Infinity":5,"s:13:6:13:Infinity":6,"s:16:19:16:Infinity":7,"b:17:4:20:Infinity:undefined:undefined:undefined:undefined":2,"s:17:4:20:Infinity":8,"s:18:6:18:Infinity":9,"s:19:6:19:Infinity":10,"s:22:4:22:Infinity":11,"s:23:4:23:Infinity":12,"s:26:2:55:Infinity":13,"f:31:10:31:21":2,"s:32:12:32:Infinity":14,"s:33:29:33:Infinity":15,"s:34:12:34:Infinity":16,"b:46:11:46:20:46:20:46:Infinity":3,"f:49:51:49:66":3,"s:49:66:49:87":17},"fnNames":{}}}
,"C:\\Users\\sandw\\Alkira OA\\Alkira-Excercise\\src\\pages\\MainPage.jsx": {"path":"C:\\Users\\sandw\\Alkira OA\\Alkira-Excercise\\src\\pages\\MainPage.jsx","statementMap":{"0":{"start":{"line":13,"column":19},"end":{"line":13,"column":31}},"1":{"start":{"line":14,"column":27},"end":{"line":14,"column":35}},"2":{"start":{"line":15,"column":40},"end":{"line":18,"column":null}},"3":{"start":{"line":16,"column":18},"end":{"line":16,"column":null}},"4":{"start":{"line":17,"column":4},"end":{"line":17,"column":null}},"5":{"start":{"line":19,"column":36},"end":{"line":19,"column":null}},"6":{"start":{"line":20,"column":30},"end":{"line":20,"column":null}},"7":{"start":{"line":22,"column":18},"end":{"line":22,"column":null}},"8":{"start":{"line":24,"column":2},"end":{"line":26,"column":null}},"9":{"start":{"line":25,"column":4},"end":{"line":25,"column":null}},"10":{"start":{"line":28,"column":8},"end":{"line":34,"column":null}},"11":{"start":{"line":29,"column":30},"end":{"line":31,"column":null}},"12":{"start":{"line":30,"column":29},"end":{"line":30,"column":45}},"13":{"start":{"line":32,"column":4},"end":{"line":32,"column":null}},"14":{"start":{"line":33,"column":4},"end":{"line":33,"column":null}},"15":{"start":{"line":36,"column":8},"end":{"line":41,"column":null}},"16":{"start":{"line":37,"column":4},"end":{"line":40,"column":null}},"17":{"start":{"line":37,"column":25},"end":{"line":40,"column":6}},"18":{"start":{"line":43,"column":8},"end":{"line":50,"column":null}},"19":{"start":{"line":44,"column":4},"end":{"line":44,"column":null}},"20":{"start":{"line":44,"column":29},"end":{"line":44,"column":76}},"21":{"start":{"line":44,"column":46},"end":{"line":44,"column":75}},"22":{"start":{"line":45,"column":4},"end":{"line":49,"column":null}},"23":{"start":{"line":46,"column":19},"end":{"line":46,"column":null}},"24":{"start":{"line":47,"column":6},"end":{"line":47,"column":null}},"25":{"start":{"line":48,"column":6},"end":{"line":48,"column":null}},"26":{"start":{"line":52,"column":8},"end":{"line":58,"column":null}},"27":{"start":{"line":53,"column":4},"end":{"line":57,"column":null}},"28":{"start":{"line":54,"column":19},"end":{"line":54,"column":null}},"29":{"start":{"line":55,"column":6},"end":{"line":55,"column":null}},"30":{"start":{"line":56,"column":6},"end":{"line":56,"column":null}},"31":{"start":{"line":60,"column":8},"end":{"line":62,"column":null}},"32":{"start":{"line":61,"column":4},"end":{"line":61,"column":null}},"33":{"start":{"line":64,"column":8},"end":{"line":66,"column":null}},"34":{"start":{"line":65,"column":4},"end":{"line":65,"column":null}},"35":{"start":{"line":68,"column":8},"end":{"line":74,"column":null}},"36":{"start":{"line":69,"column":21},"end":{"line":69,"column":null}},"37":{"start":{"line":69,"column":45},"end":{"line":69,"column":56}},"38":{"start":{"line":70,"column":4},"end":{"line":73,"column":null}},"39":{"start":{"line":70,"column":25},"end":{"line":73,"column":6}},"40":{"start":{"line":76,"column":2},"end":{"line":226,"column":null}},"41":{"start":{"line":93,"column":30},"end":{"line":93,"column":null}},"42":{"start":{"line":94,"column":22},"end":{"line":94,"column":null}},"43":{"start":{"line":95,"column":12},"end":{"line":199,"column":null}},"44":{"start":{"line":103,"column":24},"end":{"line":103,"column":null}},"45":{"start":{"line":115,"column":24},"end":{"line":115,"column":null}},"46":{"start":{"line":119,"column":24},"end":{"line":121,"column":null}},"47":{"start":{"line":133,"column":24},"end":{"line":133,"column":null}},"48":{"start":{"line":137,"column":24},"end":{"line":139,"column":null}},"49":{"start":{"line":151,"column":24},"end":{"line":151,"column":null}},"50":{"start":{"line":155,"column":24},"end":{"line":157,"column":null}},"51":{"start":{"line":170,"column":24},"end":{"line":170,"column":null}},"52":{"start":{"line":181,"column":47},"end":{"line":181,"column":68}},"53":{"start":{"line":184,"column":47},"end":{"line":184,"column":70}},"54":{"start":{"line":191,"column":49},"end":{"line":191,"column":72}},"55":{"start":{"line":209,"column":14},"end":{"line":209,"column":null}},"56":{"start":{"line":210,"column":14},"end":{"line":210,"column":null}},"57":{"start":{"line":219,"column":12},"end":{"line":219,"column":null}},"58":{"start":{"line":220,"column":12},"end":{"line":220,"column":null}}},"fnMap":{"0":{"name":"MainPage","decl":{"start":{"line":12,"column":9},"end":{"line":12,"column":20}},"loc":{"start":{"line":12,"column":20},"end":{"line":228,"column":null}},"line":12},"1":{"name":"(anonymous_1)","decl":{"start":{"line":15,"column":40},"end":{"line":15,"column":55}},"loc":{"start":{"line":15,"column":55},"end":{"line":18,"column":3}},"line":15},"2":{"name":"(anonymous_2)","decl":{"start":{"line":24,"column":2},"end":{"line":24,"column":18}},"loc":{"start":{"line":24,"column":18},"end":{"line":26,"column":5}},"line":24},"3":{"name":"(anonymous_3)","decl":{"start":{"line":28,"column":8},"end":{"line":28,"column":29}},"loc":{"start":{"line":28,"column":29},"end":{"line":34,"column":null}},"line":28},"4":{"name":"(anonymous_4)","decl":{"start":{"line":30,"column":18},"end":{"line":30,"column":23}},"loc":{"start":{"line":30,"column":29},"end":{"line":30,"column":45}},"line":30},"5":{"name":"(anonymous_5)","decl":{"start":{"line":36,"column":8},"end":{"line":36,"column":23}},"loc":{"start":{"line":36,"column":44},"end":{"line":41,"column":null}},"line":36},"6":{"name":"(anonymous_6)","decl":{"start":{"line":37,"column":4},"end":{"line":37,"column":15}},"loc":{"start":{"line":37,"column":25},"end":{"line":40,"column":6}},"line":37},"7":{"name":"(anonymous_7)","decl":{"start":{"line":43,"column":8},"end":{"line":43,"column":19}},"loc":{"start":{"line":43,"column":26},"end":{"line":50,"column":null}},"line":43},"8":{"name":"(anonymous_8)","decl":{"start":{"line":44,"column":4},"end":{"line":44,"column":20}},"loc":{"start":{"line":44,"column":29},"end":{"line":44,"column":76}},"line":44},"9":{"name":"(anonymous_9)","decl":{"start":{"line":44,"column":34},"end":{"line":44,"column":39}},"loc":{"start":{"line":44,"column":46},"end":{"line":44,"column":75}},"line":44},"10":{"name":"(anonymous_10)","decl":{"start":{"line":45,"column":4},"end":{"line":45,"column":15}},"loc":{"start":{"line":45,"column":24},"end":{"line":49,"column":5}},"line":45},"11":{"name":"(anonymous_11)","decl":{"start":{"line":52,"column":8},"end":{"line":52,"column":21}},"loc":{"start":{"line":52,"column":28},"end":{"line":58,"column":null}},"line":52},"12":{"name":"(anonymous_12)","decl":{"start":{"line":53,"column":4},"end":{"line":53,"column":15}},"loc":{"start":{"line":53,"column":24},"end":{"line":57,"column":5}},"line":53},"13":{"name":"(anonymous_13)","decl":{"start":{"line":60,"column":8},"end":{"line":60,"column":25}},"loc":{"start":{"line":60,"column":32},"end":{"line":62,"column":null}},"line":60},"14":{"name":"(anonymous_14)","decl":{"start":{"line":64,"column":8},"end":{"line":64,"column":27}},"loc":{"start":{"line":64,"column":34},"end":{"line":66,"column":null}},"line":64},"15":{"name":"(anonymous_15)","decl":{"start":{"line":68,"column":8},"end":{"line":68,"column":27}},"loc":{"start":{"line":68,"column":34},"end":{"line":74,"column":null}},"line":68},"16":{"name":"(anonymous_16)","decl":{"start":{"line":69,"column":33},"end":{"line":69,"column":39}},"loc":{"start":{"line":69,"column":45},"end":{"line":69,"column":56}},"line":69},"17":{"name":"(anonymous_17)","decl":{"start":{"line":70,"column":4},"end":{"line":70,"column":15}},"loc":{"start":{"line":70,"column":25},"end":{"line":73,"column":6}},"line":70},"18":{"name":"(anonymous_18)","decl":{"start":{"line":92,"column":23},"end":{"line":92,"column":28}},"loc":{"start":{"line":92,"column":34},"end":{"line":201,"column":11}},"line":92},"19":{"name":"(anonymous_19)","decl":{"start":{"line":102,"column":22},"end":{"line":102,"column":33}},"loc":{"start":{"line":103,"column":24},"end":{"line":103,"column":null}},"line":103},"20":{"name":"(anonymous_20)","decl":{"start":{"line":114,"column":22},"end":{"line":114,"column":33}},"loc":{"start":{"line":115,"column":24},"end":{"line":115,"column":null}},"line":115},"21":{"name":"(anonymous_21)","decl":{"start":{"line":118,"column":43},"end":{"line":118,"column":48}},"loc":{"start":{"line":119,"column":24},"end":{"line":121,"column":null}},"line":119},"22":{"name":"(anonymous_22)","decl":{"start":{"line":132,"column":22},"end":{"line":132,"column":33}},"loc":{"start":{"line":133,"column":24},"end":{"line":133,"column":null}},"line":133},"23":{"name":"(anonymous_23)","decl":{"start":{"line":136,"column":46},"end":{"line":136,"column":51}},"loc":{"start":{"line":137,"column":24},"end":{"line":139,"column":null}},"line":137},"24":{"name":"(anonymous_24)","decl":{"start":{"line":150,"column":22},"end":{"line":150,"column":33}},"loc":{"start":{"line":151,"column":24},"end":{"line":151,"column":null}},"line":151},"25":{"name":"(anonymous_25)","decl":{"start":{"line":154,"column":35},"end":{"line":154,"column":40}},"loc":{"start":{"line":155,"column":24},"end":{"line":157,"column":null}},"line":155},"26":{"name":"(anonymous_26)","decl":{"start":{"line":169,"column":22},"end":{"line":169,"column":33}},"loc":{"start":{"line":170,"column":24},"end":{"line":170,"column":null}},"line":170},"27":{"name":"(anonymous_27)","decl":{"start":{"line":181,"column":32},"end":{"line":181,"column":47}},"loc":{"start":{"line":181,"column":47},"end":{"line":181,"column":68}},"line":181},"28":{"name":"(anonymous_28)","decl":{"start":{"line":184,"column":32},"end":{"line":184,"column":47}},"loc":{"start":{"line":184,"column":47},"end":{"line":184,"column":70}},"line":184},"29":{"name":"(anonymous_29)","decl":{"start":{"line":191,"column":34},"end":{"line":191,"column":49}},"loc":{"start":{"line":191,"column":49},"end":{"line":191,"column":72}},"line":191},"30":{"name":"(anonymous_30)","decl":{"start":{"line":208,"column":12},"end":{"line":208,"column":27}},"loc":{"start":{"line":208,"column":27},"end":{"line":211,"column":null}},"line":208},"31":{"name":"(anonymous_31)","decl":{"start":{"line":218,"column":10},"end":{"line":218,"column":25}},"loc":{"start":{"line":218,"column":25},"end":{"line":221,"column":null}},"line":218}},"branchMap":{"0":{"loc":{"start":{"line":17,"column":11},"end":{"line":17,"column":null}},"type":"cond-expr","locations":[{"start":{"line":17,"column":19},"end":{"line":17,"column":39}},{"start":{"line":17,"column":39},"end":{"line":17,"column":null}}],"line":17},"1":{"loc":{"start":{"line":44,"column":46},"end":{"line":44,"column":75}},"type":"cond-expr","locations":[{"start":{"line":44,"column":60},"end":{"line":44,"column":73}},{"start":{"line":44,"column":73},"end":{"line":44,"column":75}}],"line":44},"2":{"loc":{"start":{"line":88,"column":13},"end":{"line":88,"column":null}},"type":"binary-expr","locations":[{"start":{"line":88,"column":13},"end":{"line":88,"column":26}},{"start":{"line":88,"column":26},"end":{"line":88,"column":null}}],"line":88},"3":{"loc":{"start":{"line":93,"column":30},"end":{"line":93,"column":null}},"type":"binary-expr","locations":[{"start":{"line":93,"column":30},"end":{"line":93,"column":43}},{"start":{"line":93,"column":43},"end":{"line":93,"column":null}}],"line":93},"4":{"loc":{"start":{"line":99,"column":19},"end":{"line":107,"column":null}},"type":"cond-expr","locations":[{"start":{"line":100,"column":20},"end":{"line":107,"column":22}},{"start":{"line":107,"column":20},"end":{"line":107,"column":null}}],"line":99},"5":{"loc":{"start":{"line":111,"column":19},"end":{"line":125,"column":null}},"type":"cond-expr","locations":[{"start":{"line":112,"column":20},"end":{"line":125,"column":22}},{"start":{"line":125,"column":20},"end":{"line":125,"column":null}}],"line":111},"6":{"loc":{"start":{"line":129,"column":19},"end":{"line":143,"column":null}},"type":"cond-expr","locations":[{"start":{"line":130,"column":20},"end":{"line":143,"column":22}},{"start":{"line":143,"column":20},"end":{"line":143,"column":null}}],"line":129},"7":{"loc":{"start":{"line":147,"column":19},"end":{"line":161,"column":null}},"type":"cond-expr","locations":[{"start":{"line":148,"column":20},"end":{"line":161,"column":22}},{"start":{"line":161,"column":20},"end":{"line":161,"column":null}}],"line":147},"8":{"loc":{"start":{"line":165,"column":19},"end":{"line":174,"column":null}},"type":"cond-expr","locations":[{"start":{"line":166,"column":20},"end":{"line":174,"column":27}},{"start":{"line":174,"column":20},"end":{"line":174,"column":null}}],"line":165},"9":{"loc":{"start":{"line":177,"column":17},"end":{"line":197,"column":null}},"type":"binary-expr","locations":[{"start":{"line":177,"column":17},"end":{"line":177,"column":null}},{"start":{"line":178,"column":18},"end":{"line":197,"column":null}}],"line":177},"10":{"loc":{"start":{"line":179,"column":21},"end":{"line":197,"column":null}},"type":"cond-expr","locations":[{"start":{"line":180,"column":22},"end":{"line":189,"column":null}},{"start":{"line":189,"column":22},"end":{"line":197,"column":null}}],"line":179},"11":{"loc":{"start":{"line":189,"column":22},"end":{"line":197,"column":null}},"type":"binary-expr","locations":[{"start":{"line":189,"column":22},"end":{"line":189,"column":null}},{"start":{"line":190,"column":24},"end":{"line":197,"column":null}}],"line":189},"12":{"loc":{"start":{"line":205,"column":9},"end":{"line":205,"column":null}},"type":"binary-expr","locations":[{"start":{"line":205,"column":9},"end":{"line":205,"column":20}},{"start":{"line":205,"column":20},"end":{"line":205,"column":34}},{"start":{"line":205,"column":34},"end":{"line":205,"column":null}}],"line":205},"13":{"loc":{"start":{"line":206,"column":9},"end":{"line":214,"column":null}},"type":"binary-expr","locations":[{"start":{"line":206,"column":9},"end":{"line":206,"column":20}},{"start":{"line":206,"column":20},"end":{"line":206,"column":null}},{"start":{"line":207,"column":10},"end":{"line":214,"column":null}}],"line":206}},"s":{"0":66,"1":66,"2":66,"3":10,"4":10,"5":66,"6":66,"7":66,"8":66,"9":13,"10":66,"11":6,"12":36,"13":6,"14":6,"15":66,"16":44,"17":44,"18":66,"19":3,"20":3,"21":18,"22":3,"23":3,"24":3,"25":3,"26":66,"27":1,"28":1,"29":1,"30":1,"31":66,"32":3,"33":66,"34":1,"35":66,"36":1,"37":1,"38":1,"39":1,"40":66,"41":396,"42":396,"43":396,"44":43,"45":0,"46":978,"47":0,"48":978,"49":0,"50":1304,"51":1,"52":3,"53":1,"54":1,"55":1,"56":1,"57":1,"58":1},"f":{"0":66,"1":10,"2":13,"3":6,"4":36,"5":44,"6":44,"7":3,"8":3,"9":18,"10":3,"11":1,"12":1,"13":3,"14":1,"15":1,"16":1,"17":1,"18":396,"19":43,"20":0,"21":978,"22":0,"23":978,"24":0,"25":1304,"26":1,"27":3,"28":1,"29":1,"30":1,"31":1},"b":{"0":[0,10],"1":[3,15],"2":[66,55],"3":[396,330],"4":[326,70],"5":[326,70],"6":[326,70],"7":[326,70],"8":[326,70],"9":[396,378],"10":[326,52],"11":[52,4],"12":[66,63,8],"13":[66,63,55]},"meta":{"lastBranch":14,"lastFunction":32,"lastStatement":59,"seen":{"f:12:9:12:20":0,"s:13:19:13:31":0,"s:14:27:14:35":1,"s:15:40:18:Infinity":2,"f:15:40:15:55":1,"s:16:18:16:Infinity":3,"s:17:4:17:Infinity":4,"b:17:19:17:39:17:39:17:Infinity":0,"s:19:36:19:Infinity":5,"s:20:30:20:Infinity":6,"s:22:18:22:Infinity":7,"s:24:2:26:Infinity":8,"f:24:2:24:18":2,"s:25:4:25:Infinity":9,"s:28:8:34:Infinity":10,"f:28:8:28:29":3,"s:29:30:31:Infinity":11,"f:30:18:30:23":4,"s:30:29:30:45":12,"s:32:4:32:Infinity":13,"s:33:4:33:Infinity":14,"s:36:8:41:Infinity":15,"f:36:8:36:23":5,"s:37:4:40:Infinity":16,"f:37:4:37:15":6,"s:37:25:40:6":17,"s:43:8:50:Infinity":18,"f:43:8:43:19":7,"s:44:4:44:Infinity":19,"f:44:4:44:20":8,"s:44:29:44:76":20,"f:44:34:44:39":9,"s:44:46:44:75":21,"b:44:60:44:73:44:73:44:75":1,"s:45:4:49:Infinity":22,"f:45:4:45:15":10,"s:46:19:46:Infinity":23,"s:47:6:47:Infinity":24,"s:48:6:48:Infinity":25,"s:52:8:58:Infinity":26,"f:52:8:52:21":11,"s:53:4:57:Infinity":27,"f:53:4:53:15":12,"s:54:19:54:Infinity":28,"s:55:6:55:Infinity":29,"s:56:6:56:Infinity":30,"s:60:8:62:Infinity":31,"f:60:8:60:25":13,"s:61:4:61:Infinity":32,"s:64:8:66:Infinity":33,"f:64:8:64:27":14,"s:65:4:65:Infinity":34,"s:68:8:74:Infinity":35,"f:68:8:68:27":15,"s:69:21:69:Infinity":36,"f:69:33:69:39":16,"s:69:45:69:56":37,"s:70:4:73:Infinity":38,"f:70:4:70:15":17,"s:70:25:73:6":39,"s:76:2:226:Infinity":40,"b:88:13:88:26:88:26:88:Infinity":2,"f:92:23:92:28":18,"s:93:30:93:Infinity":41,"b:93:30:93:43:93:43:93:Infinity":3,"s:94:22:94:Infinity":42,"s:95:12:199:Infinity":43,"b:100:20:107:22:107:20:107:Infinity":4,"f:102:22:102:33":19,"s:103:24:103:Infinity":44,"b:112:20:125:22:125:20:125:Infinity":5,"f:114:22:114:33":20,"s:115:24:115:Infinity":45,"f:118:43:118:48":21,"s:119:24:121:Infinity":46,"b:130:20:143:22:143:20:143:Infinity":6,"f:132:22:132:33":22,"s:133:24:133:Infinity":47,"f:136:46:136:51":23,"s:137:24:139:Infinity":48,"b:148:20:161:22:161:20:161:Infinity":7,"f:150:22:150:33":24,"s:151:24:151:Infinity":49,"f:154:35:154:40":25,"s:155:24:157:Infinity":50,"b:166:20:174:27:174:20:174:Infinity":8,"f:169:22:169:33":26,"s:170:24:170:Infinity":51,"b:177:17:177:Infinity:178:18:197:Infinity":9,"b:180:22:189:Infinity:189:22:197:Infinity":10,"f:181:32:181:47":27,"s:181:47:181:68":52,"f:184:32:184:47":28,"s:184:47:184:70":53,"b:189:22:189:Infinity:190:24:197:Infinity":11,"f:191:34:191:49":29,"s:191:49:191:72":54,"b:205:9:205:20:205:20:205:34:205:34:205:Infinity":12,"b:206:9:206:20:206:20:206:Infinity:207:10:214:Infinity":13,"f:208:12:208:27":30,"s:209:14:209:Infinity":55,"s:210:14:210:Infinity":56,"f:218:10:218:25":31,"s:219:12:219:Infinity":57,"s:220:12:220:Infinity":58},"fnNames":{}}}
,"C:\\Users\\sandw\\Alkira OA\\Alkira-Excercise\\src\\pages\\MfaPage.jsx": {"path":"C:\\Users\\sandw\\Alkira OA\\Alkira-Excercise\\src\\pages\\MfaPage.jsx","statementMap":{"0":{"start":{"line":6,"column":19},"end":{"line":6,"column":31}},"1":{"start":{"line":7,"column":26},"end":{"line":7,"column":null}},"2":{"start":{"line":8,"column":28},"end":{"line":8,"column":null}},"3":{"start":{"line":10,"column":4},"end":{"line":10,"column":12}},"4":{"start":{"line":11,"column":22},"end":{"line":11,"column":null}},"5":{"start":{"line":13,"column":2},"end":{"line":18,"column":null}},"6":{"start":{"line":14,"column":4},"end":{"line":17,"column":null}},"7":{"start":{"line":15,"column":6},"end":{"line":15,"column":null}},"8":{"start":{"line":16,"column":6},"end":{"line":16,"column":null}},"9":{"start":{"line":20,"column":2},"end":{"line":25,"column":null}},"10":{"start":{"line":21,"column":4},"end":{"line":24,"column":null}},"11":{"start":{"line":22,"column":6},"end":{"line":22,"column":null}},"12":{"start":{"line":23,"column":6},"end":{"line":23,"column":null}},"13":{"start":{"line":27,"column":25},"end":{"line":32,"column":null}},"14":{"start":{"line":28,"column":4},"end":{"line":28,"column":null}},"15":{"start":{"line":29,"column":23},"end":{"line":29,"column":null}},"16":{"start":{"line":31,"column":4},"end":{"line":31,"column":null}},"17":{"start":{"line":34,"column":8},"end":{"line":46,"column":null}},"18":{"start":{"line":35,"column":4},"end":{"line":38,"column":null}},"19":{"start":{"line":36,"column":6},"end":{"line":36,"column":null}},"20":{"start":{"line":37,"column":6},"end":{"line":37,"column":null}},"21":{"start":{"line":40,"column":25},"end":{"line":40,"column":null}},"22":{"start":{"line":41,"column":4},"end":{"line":44,"column":null}},"23":{"start":{"line":42,"column":6},"end":{"line":42,"column":null}},"24":{"start":{"line":43,"column":6},"end":{"line":43,"column":null}},"25":{"start":{"line":45,"column":4},"end":{"line":45,"column":null}},"26":{"start":{"line":48,"column":8},"end":{"line":51,"column":null}},"27":{"start":{"line":49,"column":4},"end":{"line":49,"column":null}},"28":{"start":{"line":50,"column":4},"end":{"line":50,"column":null}},"29":{"start":{"line":53,"column":2},"end":{"line":94,"column":null}},"30":{"start":{"line":63,"column":12},"end":{"line":63,"column":null}},"31":{"start":{"line":64,"column":29},"end":{"line":64,"column":null}},"32":{"start":{"line":65,"column":12},"end":{"line":65,"column":null}}},"fnMap":{"0":{"name":"MfaPage","decl":{"start":{"line":5,"column":9},"end":{"line":5,"column":19}},"loc":{"start":{"line":5,"column":19},"end":{"line":96,"column":null}},"line":5},"1":{"name":"(anonymous_1)","decl":{"start":{"line":13,"column":2},"end":{"line":13,"column":18}},"loc":{"start":{"line":13,"column":18},"end":{"line":18,"column":5}},"line":13},"2":{"name":"(anonymous_2)","decl":{"start":{"line":20,"column":2},"end":{"line":20,"column":18}},"loc":{"start":{"line":20,"column":18},"end":{"line":25,"column":3}},"line":20},"3":{"name":"(anonymous_3)","decl":{"start":{"line":27,"column":25},"end":{"line":27,"column":37}},"loc":{"start":{"line":27,"column":37},"end":{"line":32,"column":null}},"line":27},"4":{"name":"(anonymous_4)","decl":{"start":{"line":34,"column":8},"end":{"line":34,"column":31}},"loc":{"start":{"line":34,"column":40},"end":{"line":46,"column":null}},"line":34},"5":{"name":"(anonymous_5)","decl":{"start":{"line":48,"column":8},"end":{"line":48,"column":32}},"loc":{"start":{"line":48,"column":32},"end":{"line":51,"column":null}},"line":48},"6":{"name":"(anonymous_6)","decl":{"start":{"line":62,"column":10},"end":{"line":62,"column":21}},"loc":{"start":{"line":62,"column":27},"end":{"line":66,"column":null}},"line":62}},"branchMap":{"0":{"loc":{"start":{"line":14,"column":4},"end":{"line":17,"column":null}},"type":"if","locations":[{"start":{"line":14,"column":4},"end":{"line":17,"column":null}},{"start":{},"end":{}}],"line":14},"1":{"loc":{"start":{"line":14,"column":8},"end":{"line":14,"column":31}},"type":"binary-expr","locations":[{"start":{"line":14,"column":8},"end":{"line":14,"column":24}},{"start":{"line":14,"column":24},"end":{"line":14,"column":31}}],"line":14},"2":{"loc":{"start":{"line":21,"column":4},"end":{"line":24,"column":null}},"type":"if","locations":[{"start":{"line":21,"column":4},"end":{"line":24,"column":null}},{"start":{},"end":{}}],"line":21},"3":{"loc":{"start":{"line":21,"column":8},"end":{"line":21,"column":45}},"type":"binary-expr","locations":[{"start":{"line":21,"column":8},"end":{"line":21,"column":23}},{"start":{"line":21,"column":23},"end":{"line":21,"column":45}}],"line":21},"4":{"loc":{"start":{"line":35,"column":4},"end":{"line":38,"column":null}},"type":"if","locations":[{"start":{"line":35,"column":4},"end":{"line":38,"column":null}},{"start":{},"end":{}}],"line":35},"5":{"loc":{"start":{"line":41,"column":4},"end":{"line":44,"column":null}},"type":"if","locations":[{"start":{"line":41,"column":4},"end":{"line":44,"column":null}},{"start":{},"end":{}}],"line":41},"6":{"loc":{"start":{"line":59,"column":11},"end":{"line":60,"column":null}},"type":"binary-expr","locations":[{"start":{"line":59,"column":11},"end":{"line":59,"column":19}},{"start":{"line":59,"column":19},"end":{"line":60,"column":null}}],"line":59},"7":{"loc":{"start":{"line":77,"column":11},"end":{"line":77,"column":null}},"type":"binary-expr","locations":[{"start":{"line":77,"column":11},"end":{"line":77,"column":20}},{"start":{"line":77,"column":20},"end":{"line":77,"column":null}}],"line":77}},"s":{"0":18,"1":18,"2":18,"3":18,"4":18,"5":18,"6":9,"7":0,"8":0,"9":18,"10":17,"11":7,"12":7,"13":18,"14":8,"15":8,"16":8,"17":18,"18":4,"19":1,"20":1,"21":3,"22":3,"23":1,"24":1,"25":2,"26":18,"27":1,"28":1,"29":18,"30":4,"31":4,"32":4},"f":{"0":18,"1":9,"2":17,"3":8,"4":4,"5":1,"6":4},"b":{"0":[0,9],"1":[9,1],"2":[7,10],"3":[17,16],"4":[1,3],"5":[1,2],"6":[18,11],"7":[18,2]},"meta":{"lastBranch":8,"lastFunction":7,"lastStatement":33,"seen":{"f:5:9:5:19":0,"s:6:19:6:31":0,"s:7:26:7:Infinity":1,"s:8:28:8:Infinity":2,"s:10:4:10:12":3,"s:11:22:11:Infinity":4,"s:13:2:18:Infinity":5,"f:13:2:13:18":1,"b:14:4:17:Infinity:undefined:undefined:undefined:undefined":0,"s:14:4:17:Infinity":6,"b:14:8:14:24:14:24:14:31":1,"s:15:6:15:Infinity":7,"s:16:6:16:Infinity":8,"s:20:2:25:Infinity":9,"f:20:2:20:18":2,"b:21:4:24:Infinity:undefined:undefined:undefined:undefined":2,"s:21:4:24:Infinity":10,"b:21:8:21:23:21:23:21:45":3,"s:22:6:22:Infinity":11,"s:23:6:23:Infinity":12,"s:27:25:32:Infinity":13,"f:27:25:27:37":3,"s:28:4:28:Infinity":14,"s:29:23:29:Infinity":15,"s:31:4:31:Infinity":16,"s:34:8:46:Infinity":17,"f:34:8:34:31":4,"b:35:4:38:Infinity:undefined:undefined:undefined:undefined":4,"s:35:4:38:Infinity":18,"s:36:6:36:Infinity":19,"s:37:6:37:Infinity":20,"s:40:25:40:Infinity":21,"b:41:4:44:Infinity:undefined:undefined:undefined:undefined":5,"s:41:4:44:Infinity":22,"s:42:6:42:Infinity":23,"s:43:6:43:Infinity":24,"s:45:4:45:Infinity":25,"s:48:8:51:Infinity":26,"f:48:8:48:32":5,"s:49:4:49:Infinity":27,"s:50:4:50:Infinity":28,"s:53:2:94:Infinity":29,"b:59:11:59:19:59:19:60:Infinity":6,"f:62:10:62:21":6,"s:63:12:63:Infinity":30,"s:64:29:64:Infinity":31,"s:65:12:65:Infinity":32,"b:77:11:77:20:77:20:77:Infinity":7},"fnNames":{}}}
,"C:\\Users\\sandw\\Alkira OA\\Alkira-Excercise\\src\\pages\\SignupPage.jsx": {"path":"C:\\Users\\sandw\\Alkira OA\\Alkira-Excercise\\src\\pages\\SignupPage.jsx","statementMap":{"0":{"start":{"line":7,"column":19},"end":{"line":7,"column":31}},"1":{"start":{"line":8,"column":26},"end":{"line":8,"column":null}},"2":{"start":{"line":9,"column":28},"end":{"line":9,"column":null}},"3":{"start":{"line":10,"column":21},"end":{"line":10,"column":29}},"4":{"start":{"line":12,"column":8},"end":{"line":25,"column":null}},"5":{"start":{"line":13,"column":4},"end":{"line":16,"column":null}},"6":{"start":{"line":14,"column":6},"end":{"line":14,"column":null}},"7":{"start":{"line":15,"column":6},"end":{"line":15,"column":null}},"8":{"start":{"line":18,"column":19},"end":{"line":18,"column":null}},"9":{"start":{"line":19,"column":4},"end":{"line":24,"column":null}},"10":{"start":{"line":20,"column":6},"end":{"line":20,"column":null}},"11":{"start":{"line":21,"column":6},"end":{"line":21,"column":null}},"12":{"start":{"line":23,"column":6},"end":{"line":23,"column":null}},"13":{"start":{"line":27,"column":2},"end":{"line":76,"column":null}},"14":{"start":{"line":33,"column":12},"end":{"line":33,"column":null}},"15":{"start":{"line":34,"column":29},"end":{"line":34,"column":null}},"16":{"start":{"line":35,"column":12},"end":{"line":39,"column":null}},"17":{"start":{"line":55,"column":29},"end":{"line":55,"column":null}},"18":{"start":{"line":61,"column":14},"end":{"line":63,"column":null}},"19":{"start":{"line":70,"column":66},"end":{"line":70,"column":81}}},"fnMap":{"0":{"name":"SignupPage","decl":{"start":{"line":6,"column":9},"end":{"line":6,"column":22}},"loc":{"start":{"line":6,"column":22},"end":{"line":78,"column":null}},"line":6},"1":{"name":"(anonymous_1)","decl":{"start":{"line":12,"column":8},"end":{"line":12,"column":24}},"loc":{"start":{"line":12,"column":53},"end":{"line":25,"column":null}},"line":12},"2":{"name":"(anonymous_2)","decl":{"start":{"line":32,"column":10},"end":{"line":32,"column":21}},"loc":{"start":{"line":32,"column":27},"end":{"line":40,"column":null}},"line":32},"3":{"name":"(anonymous_3)","decl":{"start":{"line":55,"column":12},"end":{"line":55,"column":23}},"loc":{"start":{"line":55,"column":29},"end":{"line":55,"column":null}},"line":55},"4":{"name":"(anonymous_4)","decl":{"start":{"line":60,"column":23},"end":{"line":60,"column":28}},"loc":{"start":{"line":61,"column":14},"end":{"line":63,"column":null}},"line":61},"5":{"name":"(anonymous_5)","decl":{"start":{"line":70,"column":51},"end":{"line":70,"column":66}},"loc":{"start":{"line":70,"column":66},"end":{"line":70,"column":81}},"line":70}},"branchMap":{"0":{"loc":{"start":{"line":13,"column":4},"end":{"line":16,"column":null}},"type":"if","locations":[{"start":{"line":13,"column":4},"end":{"line":16,"column":null}},{"start":{},"end":{}}],"line":13},"1":{"loc":{"start":{"line":13,"column":8},"end":{"line":13,"column":32}},"type":"binary-expr","locations":[{"start":{"line":13,"column":8},"end":{"line":13,"column":21}},{"start":{"line":13,"column":21},"end":{"line":13,"column":32}}],"line":13},"2":{"loc":{"start":{"line":19,"column":4},"end":{"line":24,"column":null}},"type":"if","locations":[{"start":{"line":19,"column":4},"end":{"line":24,"column":null}},{"start":{"line":22,"column":11},"end":{"line":24,"column":null}}],"line":19},"3":{"loc":{"start":{"line":67,"column":11},"end":{"line":67,"column":null}},"type":"binary-expr","locations":[{"start":{"line":67,"column":11},"end":{"line":67,"column":20}},{"start":{"line":67,"column":20},"end":{"line":67,"column":null}}],"line":67}},"s":{"0":9,"1":9,"2":9,"3":9,"4":9,"5":3,"6":1,"7":1,"8":2,"9":2,"10":1,"11":1,"12":1,"13":9,"14":3,"15":3,"16":3,"17":1,"18":18,"19":1},"f":{"0":9,"1":3,"2":3,"3":1,"4":18,"5":1},"b":{"0":[1,2],"1":[3,2],"2":[1,1],"3":[9,3]},"meta":{"lastBranch":4,"lastFunction":6,"lastStatement":20,"seen":{"f:6:9:6:22":0,"s:7:19:7:31":0,"s:8:26:8:Infinity":1,"s:9:28:9:Infinity":2,"s:10:21:10:29":3,"s:12:8:25:Infinity":4,"f:12:8:12:24":1,"b:13:4:16:Infinity:undefined:undefined:undefined:undefined":0,"s:13:4:16:Infinity":5,"b:13:8:13:21:13:21:13:32":1,"s:14:6:14:Infinity":6,"s:15:6:15:Infinity":7,"s:18:19:18:Infinity":8,"b:19:4:24:Infinity:22:11:24:Infinity":2,"s:19:4:24:Infinity":9,"s:20:6:20:Infinity":10,"s:21:6:21:Infinity":11,"s:23:6:23:Infinity":12,"s:27:2:76:Infinity":13,"f:32:10:32:21":2,"s:33:12:33:Infinity":14,"s:34:29:34:Infinity":15,"s:35:12:39:Infinity":16,"f:55:12:55:23":3,"s:55:29:55:Infinity":17,"f:60:23:60:28":4,"s:61:14:63:Infinity":18,"b:67:11:67:20:67:20:67:Infinity":3,"f:70:51:70:66":5,"s:70:66:70:81":19},"fnNames":{}}}
,"C:\\Users\\sandw\\Alkira OA\\Alkira-Excercise\\src\\services\\mfaService.jsx": {"path":"C:\\Users\\sandw\\Alkira OA\\Alkira-Excercise\\src\\services\\mfaService.jsx","statementMap":{"0":{"start":{"line":1,"column":17},"end":{"line":1,"column":null}},"1":{"start":{"line":4,"column":4},"end":{"line":4,"column":null}},"2":{"start":{"line":8,"column":17},"end":{"line":8,"column":null}},"3":{"start":{"line":9,"column":22},"end":{"line":9,"column":null}},"4":{"start":{"line":11,"column":4},"end":{"line":16,"column":null}},"5":{"start":{"line":12,"column":8},"end":{"line":15,"column":null}},"6":{"start":{"line":13,"column":12},"end":{"line":13,"column":null}},"7":{"start":{"line":14,"column":12},"end":{"line":14,"column":null}},"8":{"start":{"line":20,"column":4},"end":{"line":22,"column":null}},"9":{"start":{"line":21,"column":8},"end":{"line":21,"column":null}},"10":{"start":{"line":24,"column":4},"end":{"line":26,"column":null}},"11":{"start":{"line":25,"column":8},"end":{"line":25,"column":null}},"12":{"start":{"line":28,"column":4},"end":{"line":28,"column":null}}},"fnMap":{"0":{"name":"generateOTP","decl":{"start":{"line":3,"column":9},"end":{"line":3,"column":23}},"loc":{"start":{"line":3,"column":23},"end":{"line":5,"column":null}},"line":3},"1":{"name":"sendOTP","decl":{"start":{"line":7,"column":16},"end":{"line":7,"column":25}},"loc":{"start":{"line":7,"column":35},"end":{"line":17,"column":null}},"line":7},"2":{"name":"(anonymous_2)","decl":{"start":{"line":11,"column":15},"end":{"line":11,"column":24}},"loc":{"start":{"line":11,"column":36},"end":{"line":16,"column":5}},"line":11},"3":{"name":"(anonymous_3)","decl":{"start":{"line":12,"column":8},"end":{"line":12,"column":25}},"loc":{"start":{"line":12,"column":25},"end":{"line":15,"column":11}},"line":12},"4":{"name":"verifyOTP","decl":{"start":{"line":19,"column":16},"end":{"line":19,"column":27}},"loc":{"start":{"line":19,"column":61},"end":{"line":29,"column":null}},"line":19}},"branchMap":{"0":{"loc":{"start":{"line":20,"column":4},"end":{"line":22,"column":null}},"type":"if","locations":[{"start":{"line":20,"column":4},"end":{"line":22,"column":null}},{"start":{},"end":{}}],"line":20},"1":{"loc":{"start":{"line":24,"column":4},"end":{"line":26,"column":null}},"type":"if","locations":[{"start":{"line":24,"column":4},"end":{"line":26,"column":null}},{"start":{},"end":{}}],"line":24}},"s":{"0":6,"1":6,"2":6,"3":6,"4":6,"5":6,"6":6,"7":6,"8":6,"9":2,"10":4,"11":1,"12":3},"f":{"0":6,"1":6,"2":6,"3":6,"4":6},"b":{"0":[2,4],"1":[1,3]},"meta":{"lastBranch":2,"lastFunction":5,"lastStatement":13,"seen":{"s:1:17:1:Infinity":0,"f:3:9:3:23":0,"s:4:4:4:Infinity":1,"f:7:16:7:25":1,"s:8:17:8:Infinity":2,"s:9:22:9:Infinity":3,"s:11:4:16:Infinity":4,"f:11:15:11:24":2,"s:12:8:15:Infinity":5,"f:12:8:12:25":3,"s:13:12:13:Infinity":6,"s:14:12:14:Infinity":7,"f:19:16:19:27":4,"b:20:4:22:Infinity:undefined:undefined:undefined:undefined":0,"s:20:4:22:Infinity":8,"s:21:8:21:Infinity":9,"b:24:4:26:Infinity:undefined:undefined:undefined:undefined":1,"s:24:4:26:Infinity":10,"s:25:8:25:Infinity":11,"s:28:4:28:Infinity":12},"fnNames":{}}}
,"C:\\Users\\sandw\\Alkira OA\\Alkira-Excercise\\src\\test\\testUtils.jsx": {"path":"C:\\Users\\sandw\\Alkira OA\\Alkira-Excercise\\src\\test\\testUtils.jsx","statementMap":{"0":{"start":{"line":10,"column":2},"end":{"line":14,"column":null}}},"fnMap":{"0":{"name":"renderWithProviders","decl":{"start":{"line":9,"column":16},"end":{"line":9,"column":36}},"loc":{"start":{"line":9,"column":62},"end":{"line":15,"column":null}},"line":9}},"branchMap":{"0":{"loc":{"start":{"line":9,"column":40},"end":{"line":9,"column":62}},"type":"default-arg","locations":[{"start":{"line":9,"column":58},"end":{"line":9,"column":62}}],"line":9},"1":{"loc":{"start":{"line":9,"column":42},"end":{"line":9,"column":58}},"type":"default-arg","locations":[{"start":{"line":9,"column":50},"end":{"line":9,"column":58}}],"line":9}},"s":{"0":30},"f":{"0":30},"b":{"0":[30],"1":[30]},"meta":{"lastBranch":2,"lastFunction":1,"lastStatement":1,"seen":{"f:9:16:9:36":0,"b:9:58:9:62":0,"b:9:50:9:58":1,"s:10:2:14:Infinity":0},"fnNames":{}}}
}
