{"C:\\Users\\sandw\\Alkira OA\\Alkira-Excercise\\src\\components\\AuthContext.jsx": {"path":"C:\\Users\\sandw\\Alkira OA\\Alkira-Excercise\\src\\components\\AuthContext.jsx","statementMap":{"0":{"start":{"line":5,"column":20},"end":{"line":5,"column":34}},"1":{"start":{"line":8,"column":26},"end":{"line":11,"column":null}},"2":{"start":{"line":9,"column":19},"end":{"line":9,"column":null}},"3":{"start":{"line":10,"column":4},"end":{"line":10,"column":null}},"4":{"start":{"line":12,"column":40},"end":{"line":12,"column":null}},"5":{"start":{"line":13,"column":24},"end":{"line":13,"column":null}},"6":{"start":{"line":14,"column":36},"end":{"line":19,"column":null}},"7":{"start":{"line":15,"column":32},"end":{"line":17,"column":null}},"8":{"start":{"line":18,"column":4},"end":{"line":18,"column":null}},"9":{"start":{"line":21,"column":2},"end":{"line":21,"column":null}},"10":{"start":{"line":22,"column":2},"end":{"line":22,"column":null}},"11":{"start":{"line":23,"column":2},"end":{"line":23,"column":null}},"12":{"start":{"line":26,"column":8},"end":{"line":41,"column":null}},"13":{"start":{"line":27,"column":21},"end":{"line":27,"column":null}},"14":{"start":{"line":27,"column":43},"end":{"line":27,"column":66}},"15":{"start":{"line":29,"column":4},"end":{"line":31,"column":null}},"16":{"start":{"line":30,"column":6},"end":{"line":30,"column":null}},"17":{"start":{"line":33,"column":4},"end":{"line":35,"column":null}},"18":{"start":{"line":34,"column":6},"end":{"line":34,"column":null}},"19":{"start":{"line":37,"column":42},"end":{"line":37,"column":null}},"20":{"start":{"line":39,"column":4},"end":{"line":39,"column":null}},"21":{"start":{"line":40,"column":4},"end":{"line":40,"column":null}},"22":{"start":{"line":43,"column":25},"end":{"line":51,"column":null}},"23":{"start":{"line":44,"column":4},"end":{"line":46,"column":null}},"24":{"start":{"line":45,"column":6},"end":{"line":45,"column":null}},"25":{"start":{"line":48,"column":32},"end":{"line":48,"column":null}},"26":{"start":{"line":49,"column":4},"end":{"line":49,"column":null}},"27":{"start":{"line":50,"column":4},"end":{"line":50,"column":null}},"28":{"start":{"line":53,"column":8},"end":{"line":68,"column":null}},"29":{"start":{"line":54,"column":4},"end":{"line":56,"column":null}},"30":{"start":{"line":55,"column":6},"end":{"line":55,"column":null}},"31":{"start":{"line":58,"column":19},"end":{"line":58,"column":null}},"32":{"start":{"line":59,"column":4},"end":{"line":61,"column":null}},"33":{"start":{"line":60,"column":6},"end":{"line":60,"column":null}},"34":{"start":{"line":63,"column":4},"end":{"line":63,"column":null}},"35":{"start":{"line":64,"column":4},"end":{"line":64,"column":null}},"36":{"start":{"line":65,"column":4},"end":{"line":65,"column":null}},"37":{"start":{"line":66,"column":4},"end":{"line":66,"column":null}},"38":{"start":{"line":67,"column":4},"end":{"line":67,"column":null}},"39":{"start":{"line":70,"column":8},"end":{"line":73,"column":null}},"40":{"start":{"line":71,"column":4},"end":{"line":71,"column":null}},"41":{"start":{"line":72,"column":4},"end":{"line":72,"column":null}},"42":{"start":{"line":75,"column":8},"end":{"line":91,"column":null}},"43":{"start":{"line":76,"column":21},"end":{"line":76,"column":null}},"44":{"start":{"line":76,"column":43},"end":{"line":76,"column":66}},"45":{"start":{"line":78,"column":4},"end":{"line":80,"column":null}},"46":{"start":{"line":79,"column":6},"end":{"line":79,"column":null}},"47":{"start":{"line":82,"column":20},"end":{"line":82,"column":null}},"48":{"start":{"line":83,"column":24},"end":{"line":83,"column":null}},"49":{"start":{"line":84,"column":4},"end":{"line":84,"column":null}},"50":{"start":{"line":86,"column":30},"end":{"line":88,"column":null}},"51":{"start":{"line":87,"column":13},"end":{"line":87,"column":null}},"52":{"start":{"line":87,"column":43},"end":{"line":87,"column":69}},"53":{"start":{"line":89,"column":4},"end":{"line":89,"column":null}},"54":{"start":{"line":90,"column":4},"end":{"line":90,"column":null}},"55":{"start":{"line":93,"column":8},"end":{"line":96,"column":null}},"56":{"start":{"line":94,"column":4},"end":{"line":94,"column":null}},"57":{"start":{"line":95,"column":4},"end":{"line":95,"column":null}},"58":{"start":{"line":98,"column":2},"end":{"line":113,"column":null}},"59":{"start":{"line":118,"column":2},"end":{"line":118,"column":null}}},"fnMap":{"0":{"name":"AuthProvider","decl":{"start":{"line":7,"column":16},"end":{"line":7,"column":29}},"loc":{"start":{"line":7,"column":43},"end":{"line":115,"column":null}},"line":7},"1":{"name":"(anonymous_1)","decl":{"start":{"line":8,"column":26},"end":{"line":8,"column":41}},"loc":{"start":{"line":8,"column":41},"end":{"line":11,"column":3}},"line":8},"2":{"name":"(anonymous_2)","decl":{"start":{"line":14,"column":36},"end":{"line":14,"column":51}},"loc":{"start":{"line":14,"column":51},"end":{"line":19,"column":3}},"line":14},"3":{"name":"(anonymous_3)","decl":{"start":{"line":26,"column":8},"end":{"line":26,"column":17}},"loc":{"start":{"line":26,"column":40},"end":{"line":41,"column":null}},"line":26},"4":{"name":"(anonymous_4)","decl":{"start":{"line":27,"column":31},"end":{"line":27,"column":37}},"loc":{"start":{"line":27,"column":43},"end":{"line":27,"column":66}},"line":27},"5":{"name":"(anonymous_5)","decl":{"start":{"line":43,"column":25},"end":{"line":43,"column":37}},"loc":{"start":{"line":43,"column":37},"end":{"line":51,"column":null}},"line":43},"6":{"name":"(anonymous_6)","decl":{"start":{"line":53,"column":8},"end":{"line":53,"column":25}},"loc":{"start":{"line":53,"column":39},"end":{"line":68,"column":null}},"line":53},"7":{"name":"(anonymous_7)","decl":{"start":{"line":70,"column":8},"end":{"line":70,"column":26}},"loc":{"start":{"line":70,"column":26},"end":{"line":73,"column":null}},"line":70},"8":{"name":"(anonymous_8)","decl":{"start":{"line":75,"column":8},"end":{"line":75,"column":18}},"loc":{"start":{"line":75,"column":47},"end":{"line":91,"column":null}},"line":75},"9":{"name":"(anonymous_9)","decl":{"start":{"line":76,"column":31},"end":{"line":76,"column":37}},"loc":{"start":{"line":76,"column":43},"end":{"line":76,"column":66}},"line":76},"10":{"name":"(anonymous_10)","decl":{"start":{"line":86,"column":42},"end":{"line":86,"column":null}},"loc":{"start":{"line":87,"column":13},"end":{"line":87,"column":null}},"line":87},"11":{"name":"(anonymous_11)","decl":{"start":{"line":87,"column":30},"end":{"line":87,"column":36}},"loc":{"start":{"line":87,"column":43},"end":{"line":87,"column":69}},"line":87},"12":{"name":"(anonymous_12)","decl":{"start":{"line":93,"column":8},"end":{"line":93,"column":23}},"loc":{"start":{"line":93,"column":23},"end":{"line":96,"column":null}},"line":93},"13":{"name":"useAuth","decl":{"start":{"line":117,"column":16},"end":{"line":117,"column":26}},"loc":{"start":{"line":117,"column":26},"end":{"line":119,"column":null}},"line":117}},"branchMap":{"0":{"loc":{"start":{"line":10,"column":11},"end":{"line":10,"column":null}},"type":"cond-expr","locations":[{"start":{"line":10,"column":20},"end":{"line":10,"column":41}},{"start":{"line":10,"column":41},"end":{"line":10,"column":null}}],"line":10},"1":{"loc":{"start":{"line":16,"column":6},"end":{"line":16,"column":null}},"type":"binary-expr","locations":[{"start":{"line":16,"column":6},"end":{"line":16,"column":47}},{"start":{"line":16,"column":47},"end":{"line":16,"column":null}}],"line":16},"2":{"loc":{"start":{"line":29,"column":4},"end":{"line":31,"column":null}},"type":"if","locations":[{"start":{"line":29,"column":4},"end":{"line":31,"column":null}},{"start":{},"end":{}}],"line":29},"3":{"loc":{"start":{"line":33,"column":4},"end":{"line":35,"column":null}},"type":"if","locations":[{"start":{"line":33,"column":4},"end":{"line":35,"column":null}},{"start":{},"end":{}}],"line":33},"4":{"loc":{"start":{"line":44,"column":4},"end":{"line":46,"column":null}},"type":"if","locations":[{"start":{"line":44,"column":4},"end":{"line":46,"column":null}},{"start":{},"end":{}}],"line":44},"5":{"loc":{"start":{"line":54,"column":4},"end":{"line":56,"column":null}},"type":"if","locations":[{"start":{"line":54,"column":4},"end":{"line":56,"column":null}},{"start":{},"end":{}}],"line":54},"6":{"loc":{"start":{"line":54,"column":8},"end":{"line":54,"column":30}},"type":"binary-expr","locations":[{"start":{"line":54,"column":8},"end":{"line":54,"column":16}},{"start":{"line":54,"column":16},"end":{"line":54,"column":30}}],"line":54},"7":{"loc":{"start":{"line":59,"column":4},"end":{"line":61,"column":null}},"type":"if","locations":[{"start":{"line":59,"column":4},"end":{"line":61,"column":null}},{"start":{},"end":{}}],"line":59},"8":{"loc":{"start":{"line":78,"column":4},"end":{"line":80,"column":null}},"type":"if","locations":[{"start":{"line":78,"column":4},"end":{"line":80,"column":null}},{"start":{},"end":{}}],"line":78}},"s":{"0":2,"1":13,"2":11,"3":11,"4":13,"5":13,"6":13,"7":11,"8":11,"9":13,"10":13,"11":13,"12":13,"13":3,"14":5,"15":3,"16":1,"17":2,"18":1,"19":1,"20":1,"21":1,"22":13,"23":0,"24":0,"25":0,"26":0,"27":0,"28":13,"29":0,"30":0,"31":0,"32":0,"33":0,"34":0,"35":0,"36":0,"37":0,"38":0,"39":13,"40":0,"41":0,"42":13,"43":2,"44":4,"45":2,"46":1,"47":1,"48":1,"49":1,"50":1,"51":4,"52":9,"53":1,"54":1,"55":13,"56":0,"57":0,"58":13,"59":19},"f":{"0":13,"1":11,"2":11,"3":3,"4":5,"5":0,"6":0,"7":0,"8":2,"9":4,"10":4,"11":9,"12":0,"13":19},"b":{"0":[0,11],"1":[11,11],"2":[1,2],"3":[1,1],"4":[0,0],"5":[0,0],"6":[0,0],"7":[0,0],"8":[1,1]},"meta":{"lastBranch":9,"lastFunction":14,"lastStatement":60,"seen":{"s:5:20:5:34":0,"f:7:16:7:29":0,"s:8:26:11:Infinity":1,"f:8:26:8:41":1,"s:9:19:9:Infinity":2,"s:10:4:10:Infinity":3,"b:10:20:10:41:10:41:10:Infinity":0,"s:12:40:12:Infinity":4,"s:13:24:13:Infinity":5,"s:14:36:19:Infinity":6,"f:14:36:14:51":2,"s:15:32:17:Infinity":7,"b:16:6:16:47:16:47:16:Infinity":1,"s:18:4:18:Infinity":8,"s:21:2:21:Infinity":9,"s:22:2:22:Infinity":10,"s:23:2:23:Infinity":11,"s:26:8:41:Infinity":12,"f:26:8:26:17":3,"s:27:21:27:Infinity":13,"f:27:31:27:37":4,"s:27:43:27:66":14,"b:29:4:31:Infinity:undefined:undefined:undefined:undefined":2,"s:29:4:31:Infinity":15,"s:30:6:30:Infinity":16,"b:33:4:35:Infinity:undefined:undefined:undefined:undefined":3,"s:33:4:35:Infinity":17,"s:34:6:34:Infinity":18,"s:37:42:37:Infinity":19,"s:39:4:39:Infinity":20,"s:40:4:40:Infinity":21,"s:43:25:51:Infinity":22,"f:43:25:43:37":5,"b:44:4:46:Infinity:undefined:undefined:undefined:undefined":4,"s:44:4:46:Infinity":23,"s:45:6:45:Infinity":24,"s:48:32:48:Infinity":25,"s:49:4:49:Infinity":26,"s:50:4:50:Infinity":27,"s:53:8:68:Infinity":28,"f:53:8:53:25":6,"b:54:4:56:Infinity:undefined:undefined:undefined:undefined":5,"s:54:4:56:Infinity":29,"b:54:8:54:16:54:16:54:30":6,"s:55:6:55:Infinity":30,"s:58:19:58:Infinity":31,"b:59:4:61:Infinity:undefined:undefined:undefined:undefined":7,"s:59:4:61:Infinity":32,"s:60:6:60:Infinity":33,"s:63:4:63:Infinity":34,"s:64:4:64:Infinity":35,"s:65:4:65:Infinity":36,"s:66:4:66:Infinity":37,"s:67:4:67:Infinity":38,"s:70:8:73:Infinity":39,"f:70:8:70:26":7,"s:71:4:71:Infinity":40,"s:72:4:72:Infinity":41,"s:75:8:91:Infinity":42,"f:75:8:75:18":8,"s:76:21:76:Infinity":43,"f:76:31:76:37":9,"s:76:43:76:66":44,"b:78:4:80:Infinity:undefined:undefined:undefined:undefined":8,"s:78:4:80:Infinity":45,"s:79:6:79:Infinity":46,"s:82:20:82:Infinity":47,"s:83:24:83:Infinity":48,"s:84:4:84:Infinity":49,"s:86:30:88:Infinity":50,"f:86:42:86:Infinity":10,"s:87:13:87:Infinity":51,"f:87:30:87:36":11,"s:87:43:87:69":52,"s:89:4:89:Infinity":53,"s:90:4:90:Infinity":54,"s:93:8:96:Infinity":55,"f:93:8:93:23":12,"s:94:4:94:Infinity":56,"s:95:4:95:Infinity":57,"s:98:2:113:Infinity":58,"f:117:16:117:26":13,"s:118:2:118:Infinity":59},"fnNames":{}}}
,"C:\\Users\\sandw\\Alkira OA\\Alkira-Excercise\\src\\data\\users.jsx": {"path":"C:\\Users\\sandw\\Alkira OA\\Alkira-Excercise\\src\\data\\users.jsx","statementMap":{"0":{"start":{"line":1,"column":21},"end":{"line":4,"column":null}},"1":{"start":{"line":6,"column":25},"end":{"line":6,"column":null}},"2":{"start":{"line":8,"column":14},"end":{"line":24,"column":null}}},"fnMap":{},"branchMap":{},"s":{"0":2,"1":2,"2":2},"f":{},"b":{},"meta":{"lastBranch":0,"lastFunction":0,"lastStatement":3,"seen":{"s:1:21:4:Infinity":0,"s:6:25:6:Infinity":1,"s:8:14:24:Infinity":2},"fnNames":{}}}
,"C:\\Users\\sandw\\Alkira OA\\Alkira-Excercise\\src\\pages\\LoginPage.jsx": {"path":"C:\\Users\\sandw\\Alkira OA\\Alkira-Excercise\\src\\pages\\LoginPage.jsx","statementMap":{"0":{"start":{"line":6,"column":19},"end":{"line":6,"column":31}},"1":{"start":{"line":7,"column":20},"end":{"line":7,"column":28}},"2":{"start":{"line":8,"column":28},"end":{"line":8,"column":null}},"3":{"start":{"line":10,"column":8},"end":{"line":24,"column":null}},"4":{"start":{"line":11,"column":4},"end":{"line":14,"column":null}},"5":{"start":{"line":12,"column":6},"end":{"line":12,"column":null}},"6":{"start":{"line":13,"column":6},"end":{"line":13,"column":null}},"7":{"start":{"line":16,"column":19},"end":{"line":16,"column":null}},"8":{"start":{"line":17,"column":4},"end":{"line":20,"column":null}},"9":{"start":{"line":18,"column":6},"end":{"line":18,"column":null}},"10":{"start":{"line":19,"column":6},"end":{"line":19,"column":null}},"11":{"start":{"line":22,"column":4},"end":{"line":22,"column":null}},"12":{"start":{"line":23,"column":4},"end":{"line":23,"column":null}},"13":{"start":{"line":26,"column":2},"end":{"line":48,"column":null}},"14":{"start":{"line":32,"column":12},"end":{"line":32,"column":null}},"15":{"start":{"line":33,"column":29},"end":{"line":33,"column":null}},"16":{"start":{"line":34,"column":12},"end":{"line":34,"column":null}},"17":{"start":{"line":45,"column":43},"end":{"line":45,"column":64}}},"fnMap":{"0":{"name":"LoginPage","decl":{"start":{"line":5,"column":9},"end":{"line":5,"column":21}},"loc":{"start":{"line":5,"column":21},"end":{"line":50,"column":null}},"line":5},"1":{"name":"(anonymous_1)","decl":{"start":{"line":10,"column":8},"end":{"line":10,"column":23}},"loc":{"start":{"line":10,"column":46},"end":{"line":24,"column":null}},"line":10},"2":{"name":"(anonymous_2)","decl":{"start":{"line":31,"column":10},"end":{"line":31,"column":21}},"loc":{"start":{"line":31,"column":27},"end":{"line":35,"column":null}},"line":31},"3":{"name":"(anonymous_3)","decl":{"start":{"line":45,"column":28},"end":{"line":45,"column":43}},"loc":{"start":{"line":45,"column":43},"end":{"line":45,"column":64}},"line":45}},"branchMap":{"0":{"loc":{"start":{"line":11,"column":4},"end":{"line":14,"column":null}},"type":"if","locations":[{"start":{"line":11,"column":4},"end":{"line":14,"column":null}},{"start":{},"end":{}}],"line":11},"1":{"loc":{"start":{"line":11,"column":8},"end":{"line":11,"column":32}},"type":"binary-expr","locations":[{"start":{"line":11,"column":8},"end":{"line":11,"column":21}},{"start":{"line":11,"column":21},"end":{"line":11,"column":32}}],"line":11},"2":{"loc":{"start":{"line":17,"column":4},"end":{"line":20,"column":null}},"type":"if","locations":[{"start":{"line":17,"column":4},"end":{"line":20,"column":null}},{"start":{},"end":{}}],"line":17},"3":{"loc":{"start":{"line":42,"column":11},"end":{"line":42,"column":null}},"type":"binary-expr","locations":[{"start":{"line":42,"column":11},"end":{"line":42,"column":20}},{"start":{"line":42,"column":20},"end":{"line":42,"column":null}}],"line":42}},"s":{"0":10,"1":10,"2":10,"3":10,"4":4,"5":1,"6":1,"7":3,"8":3,"9":2,"10":2,"11":1,"12":1,"13":10,"14":4,"15":4,"16":4,"17":1},"f":{"0":10,"1":4,"2":4,"3":1},"b":{"0":[1,3],"1":[4,3],"2":[2,1],"3":[10,3]},"meta":{"lastBranch":4,"lastFunction":4,"lastStatement":18,"seen":{"f:5:9:5:21":0,"s:6:19:6:31":0,"s:7:20:7:28":1,"s:8:28:8:Infinity":2,"s:10:8:24:Infinity":3,"f:10:8:10:23":1,"b:11:4:14:Infinity:undefined:undefined:undefined:undefined":0,"s:11:4:14:Infinity":4,"b:11:8:11:21:11:21:11:32":1,"s:12:6:12:Infinity":5,"s:13:6:13:Infinity":6,"s:16:19:16:Infinity":7,"b:17:4:20:Infinity:undefined:undefined:undefined:undefined":2,"s:17:4:20:Infinity":8,"s:18:6:18:Infinity":9,"s:19:6:19:Infinity":10,"s:22:4:22:Infinity":11,"s:23:4:23:Infinity":12,"s:26:2:48:Infinity":13,"f:31:10:31:21":2,"s:32:12:32:Infinity":14,"s:33:29:33:Infinity":15,"s:34:12:34:Infinity":16,"b:42:11:42:20:42:20:42:Infinity":3,"f:45:28:45:43":3,"s:45:43:45:64":17},"fnNames":{}}}
,"C:\\Users\\sandw\\Alkira OA\\Alkira-Excercise\\src\\pages\\SignupPage.jsx": {"path":"C:\\Users\\sandw\\Alkira OA\\Alkira-Excercise\\src\\pages\\SignupPage.jsx","statementMap":{"0":{"start":{"line":7,"column":19},"end":{"line":7,"column":31}},"1":{"start":{"line":8,"column":26},"end":{"line":8,"column":null}},"2":{"start":{"line":9,"column":28},"end":{"line":9,"column":null}},"3":{"start":{"line":10,"column":21},"end":{"line":10,"column":29}},"4":{"start":{"line":12,"column":8},"end":{"line":25,"column":null}},"5":{"start":{"line":13,"column":4},"end":{"line":16,"column":null}},"6":{"start":{"line":14,"column":6},"end":{"line":14,"column":null}},"7":{"start":{"line":15,"column":6},"end":{"line":15,"column":null}},"8":{"start":{"line":18,"column":19},"end":{"line":18,"column":null}},"9":{"start":{"line":19,"column":4},"end":{"line":24,"column":null}},"10":{"start":{"line":20,"column":6},"end":{"line":20,"column":null}},"11":{"start":{"line":21,"column":6},"end":{"line":21,"column":null}},"12":{"start":{"line":23,"column":6},"end":{"line":23,"column":null}},"13":{"start":{"line":27,"column":2},"end":{"line":69,"column":null}},"14":{"start":{"line":33,"column":12},"end":{"line":33,"column":null}},"15":{"start":{"line":34,"column":29},"end":{"line":34,"column":null}},"16":{"start":{"line":35,"column":12},"end":{"line":39,"column":null}},"17":{"start":{"line":51,"column":29},"end":{"line":51,"column":null}},"18":{"start":{"line":57,"column":14},"end":{"line":59,"column":null}},"19":{"start":{"line":66,"column":43},"end":{"line":66,"column":58}}},"fnMap":{"0":{"name":"SignupPage","decl":{"start":{"line":6,"column":9},"end":{"line":6,"column":22}},"loc":{"start":{"line":6,"column":22},"end":{"line":71,"column":null}},"line":6},"1":{"name":"(anonymous_1)","decl":{"start":{"line":12,"column":8},"end":{"line":12,"column":24}},"loc":{"start":{"line":12,"column":53},"end":{"line":25,"column":null}},"line":12},"2":{"name":"(anonymous_2)","decl":{"start":{"line":32,"column":10},"end":{"line":32,"column":21}},"loc":{"start":{"line":32,"column":27},"end":{"line":40,"column":null}},"line":32},"3":{"name":"(anonymous_3)","decl":{"start":{"line":51,"column":12},"end":{"line":51,"column":23}},"loc":{"start":{"line":51,"column":29},"end":{"line":51,"column":null}},"line":51},"4":{"name":"(anonymous_4)","decl":{"start":{"line":56,"column":23},"end":{"line":56,"column":28}},"loc":{"start":{"line":57,"column":14},"end":{"line":59,"column":null}},"line":57},"5":{"name":"(anonymous_5)","decl":{"start":{"line":66,"column":28},"end":{"line":66,"column":43}},"loc":{"start":{"line":66,"column":43},"end":{"line":66,"column":58}},"line":66}},"branchMap":{"0":{"loc":{"start":{"line":13,"column":4},"end":{"line":16,"column":null}},"type":"if","locations":[{"start":{"line":13,"column":4},"end":{"line":16,"column":null}},{"start":{},"end":{}}],"line":13},"1":{"loc":{"start":{"line":13,"column":8},"end":{"line":13,"column":32}},"type":"binary-expr","locations":[{"start":{"line":13,"column":8},"end":{"line":13,"column":21}},{"start":{"line":13,"column":21},"end":{"line":13,"column":32}}],"line":13},"2":{"loc":{"start":{"line":19,"column":4},"end":{"line":24,"column":null}},"type":"if","locations":[{"start":{"line":19,"column":4},"end":{"line":24,"column":null}},{"start":{"line":22,"column":11},"end":{"line":24,"column":null}}],"line":19},"3":{"loc":{"start":{"line":63,"column":11},"end":{"line":63,"column":null}},"type":"binary-expr","locations":[{"start":{"line":63,"column":11},"end":{"line":63,"column":20}},{"start":{"line":63,"column":20},"end":{"line":63,"column":null}}],"line":63}},"s":{"0":9,"1":9,"2":9,"3":9,"4":9,"5":3,"6":1,"7":1,"8":2,"9":2,"10":1,"11":1,"12":1,"13":9,"14":3,"15":3,"16":3,"17":1,"18":18,"19":1},"f":{"0":9,"1":3,"2":3,"3":1,"4":18,"5":1},"b":{"0":[1,2],"1":[3,2],"2":[1,1],"3":[9,3]},"meta":{"lastBranch":4,"lastFunction":6,"lastStatement":20,"seen":{"f:6:9:6:22":0,"s:7:19:7:31":0,"s:8:26:8:Infinity":1,"s:9:28:9:Infinity":2,"s:10:21:10:29":3,"s:12:8:25:Infinity":4,"f:12:8:12:24":1,"b:13:4:16:Infinity:undefined:undefined:undefined:undefined":0,"s:13:4:16:Infinity":5,"b:13:8:13:21:13:21:13:32":1,"s:14:6:14:Infinity":6,"s:15:6:15:Infinity":7,"s:18:19:18:Infinity":8,"b:19:4:24:Infinity:22:11:24:Infinity":2,"s:19:4:24:Infinity":9,"s:20:6:20:Infinity":10,"s:21:6:21:Infinity":11,"s:23:6:23:Infinity":12,"s:27:2:69:Infinity":13,"f:32:10:32:21":2,"s:33:12:33:Infinity":14,"s:34:29:34:Infinity":15,"s:35:12:39:Infinity":16,"f:51:12:51:23":3,"s:51:29:51:Infinity":17,"f:56:23:56:28":4,"s:57:14:59:Infinity":18,"b:63:11:63:20:63:20:63:Infinity":3,"f:66:28:66:43":5,"s:66:43:66:58":19},"fnNames":{}}}
,"C:\\Users\\sandw\\Alkira OA\\Alkira-Excercise\\src\\services\\mfaService.jsx": {"path":"C:\\Users\\sandw\\Alkira OA\\Alkira-Excercise\\src\\services\\mfaService.jsx","statementMap":{"0":{"start":{"line":1,"column":17},"end":{"line":1,"column":null}},"1":{"start":{"line":4,"column":4},"end":{"line":4,"column":null}},"2":{"start":{"line":8,"column":17},"end":{"line":8,"column":null}},"3":{"start":{"line":9,"column":22},"end":{"line":9,"column":null}},"4":{"start":{"line":11,"column":4},"end":{"line":16,"column":null}},"5":{"start":{"line":12,"column":8},"end":{"line":15,"column":null}},"6":{"start":{"line":13,"column":12},"end":{"line":13,"column":null}},"7":{"start":{"line":14,"column":12},"end":{"line":14,"column":null}},"8":{"start":{"line":20,"column":4},"end":{"line":22,"column":null}},"9":{"start":{"line":21,"column":8},"end":{"line":21,"column":null}},"10":{"start":{"line":24,"column":4},"end":{"line":26,"column":null}},"11":{"start":{"line":25,"column":8},"end":{"line":25,"column":null}},"12":{"start":{"line":28,"column":4},"end":{"line":28,"column":null}}},"fnMap":{"0":{"name":"generateOTP","decl":{"start":{"line":3,"column":9},"end":{"line":3,"column":23}},"loc":{"start":{"line":3,"column":23},"end":{"line":5,"column":null}},"line":3},"1":{"name":"sendOTP","decl":{"start":{"line":7,"column":16},"end":{"line":7,"column":25}},"loc":{"start":{"line":7,"column":35},"end":{"line":17,"column":null}},"line":7},"2":{"name":"(anonymous_2)","decl":{"start":{"line":11,"column":15},"end":{"line":11,"column":24}},"loc":{"start":{"line":11,"column":36},"end":{"line":16,"column":5}},"line":11},"3":{"name":"(anonymous_3)","decl":{"start":{"line":12,"column":8},"end":{"line":12,"column":25}},"loc":{"start":{"line":12,"column":25},"end":{"line":15,"column":11}},"line":12},"4":{"name":"verifyOTP","decl":{"start":{"line":19,"column":16},"end":{"line":19,"column":27}},"loc":{"start":{"line":19,"column":61},"end":{"line":29,"column":null}},"line":19}},"branchMap":{"0":{"loc":{"start":{"line":20,"column":4},"end":{"line":22,"column":null}},"type":"if","locations":[{"start":{"line":20,"column":4},"end":{"line":22,"column":null}},{"start":{},"end":{}}],"line":20},"1":{"loc":{"start":{"line":24,"column":4},"end":{"line":26,"column":null}},"type":"if","locations":[{"start":{"line":24,"column":4},"end":{"line":26,"column":null}},{"start":{},"end":{}}],"line":24}},"s":{"0":2,"1":0,"2":0,"3":0,"4":0,"5":0,"6":0,"7":0,"8":0,"9":0,"10":0,"11":0,"12":0},"f":{"0":0,"1":0,"2":0,"3":0,"4":0},"b":{"0":[0,0],"1":[0,0]},"meta":{"lastBranch":2,"lastFunction":5,"lastStatement":13,"seen":{"s:1:17:1:Infinity":0,"f:3:9:3:23":0,"s:4:4:4:Infinity":1,"f:7:16:7:25":1,"s:8:17:8:Infinity":2,"s:9:22:9:Infinity":3,"s:11:4:16:Infinity":4,"f:11:15:11:24":2,"s:12:8:15:Infinity":5,"f:12:8:12:25":3,"s:13:12:13:Infinity":6,"s:14:12:14:Infinity":7,"f:19:16:19:27":4,"b:20:4:22:Infinity:undefined:undefined:undefined:undefined":0,"s:20:4:22:Infinity":8,"s:21:8:21:Infinity":9,"b:24:4:26:Infinity:undefined:undefined:undefined:undefined":1,"s:24:4:26:Infinity":10,"s:25:8:25:Infinity":11,"s:28:4:28:Infinity":12},"fnNames":{}}}
,"C:\\Users\\sandw\\Alkira OA\\Alkira-Excercise\\src\\test\\testUtils.jsx": {"path":"C:\\Users\\sandw\\Alkira OA\\Alkira-Excercise\\src\\test\\testUtils.jsx","statementMap":{"0":{"start":{"line":10,"column":2},"end":{"line":14,"column":null}}},"fnMap":{"0":{"name":"renderWithProviders","decl":{"start":{"line":9,"column":16},"end":{"line":9,"column":36}},"loc":{"start":{"line":9,"column":62},"end":{"line":15,"column":null}},"line":9}},"branchMap":{"0":{"loc":{"start":{"line":9,"column":40},"end":{"line":9,"column":62}},"type":"default-arg","locations":[{"start":{"line":9,"column":58},"end":{"line":9,"column":62}}],"line":9},"1":{"loc":{"start":{"line":9,"column":42},"end":{"line":9,"column":58}},"type":"default-arg","locations":[{"start":{"line":9,"column":50},"end":{"line":9,"column":58}}],"line":9}},"s":{"0":11},"f":{"0":11},"b":{"0":[11],"1":[11]},"meta":{"lastBranch":2,"lastFunction":1,"lastStatement":1,"seen":{"f:9:16:9:36":0,"b:9:58:9:62":0,"b:9:50:9:58":1,"s:10:2:14:Infinity":0},"fnNames":{}}}
}
